2025-04-04 16:47:43,042 - INFO - Default backup directory created: D:\Repos\Changer\amorad\backups
2025-04-04 16:47:54,063 - INFO - XML directory selected: D:/Download/Samples/inputXML
2025-04-04 16:48:00,565 - INFO - XLSX file selected: D:/Download/Samples/inputXLSX/usccfr_extraction.xlsx
2025-04-04 16:48:01,081 - ERROR - Error loading XLSX file ['D:/Download/Samples/inputXLSX/usccfr_extraction.xlsx']: Invalid file path or buffer object type: <class 'list'>
Traceback (most recent call last):
  File "d:\Repos\Changer\amorad\main.py", line 177, in load_reference_data
    df = pd.read_excel(xlsx_file)
         ^^^^^^^^^^^^^^^^^^^^^^^^
  File "C:\Python\Python311\Lib\site-packages\pandas\io\excel\_base.py", line 495, in read_excel
    io = ExcelFile(
         ^^^^^^^^^^
  File "C:\Python\Python311\Lib\site-packages\pandas\io\excel\_base.py", line 1550, in __init__
    ext = inspect_excel_format(
          ^^^^^^^^^^^^^^^^^^^^^
  File "C:\Python\Python311\Lib\site-packages\pandas\io\excel\_base.py", line 1402, in inspect_excel_format
    with get_handle(
         ^^^^^^^^^^^
  File "C:\Python\Python311\Lib\site-packages\pandas\io\common.py", line 728, in get_handle
    ioargs = _get_filepath_or_buffer(
             ^^^^^^^^^^^^^^^^^^^^^^^^
  File "C:\Python\Python311\Lib\site-packages\pandas\io\common.py", line 472, in _get_filepath_or_buffer
    raise ValueError(msg)
ValueError: Invalid file path or buffer object type: <class 'list'>
2025-04-04 16:49:34,469 - INFO - XLSX file selected: D:/Download/Samples/inputXLSX/usccfr_extraction.xlsx
2025-04-04 16:49:34,974 - ERROR - Error loading XLSX file ['D:/Download/Samples/inputXLSX/usccfr_extraction.xlsx']: Invalid file path or buffer object type: <class 'list'>
Traceback (most recent call last):
  File "d:\Repos\Changer\amorad\main.py", line 177, in load_reference_data
    df = pd.read_excel(xlsx_file)
         ^^^^^^^^^^^^^^^^^^^^^^^^
  File "C:\Python\Python311\Lib\site-packages\pandas\io\excel\_base.py", line 495, in read_excel
    io = ExcelFile(
         ^^^^^^^^^^
  File "C:\Python\Python311\Lib\site-packages\pandas\io\excel\_base.py", line 1550, in __init__
    ext = inspect_excel_format(
          ^^^^^^^^^^^^^^^^^^^^^
  File "C:\Python\Python311\Lib\site-packages\pandas\io\excel\_base.py", line 1402, in inspect_excel_format
    with get_handle(
         ^^^^^^^^^^^
  File "C:\Python\Python311\Lib\site-packages\pandas\io\common.py", line 728, in get_handle
    ioargs = _get_filepath_or_buffer(
             ^^^^^^^^^^^^^^^^^^^^^^^^
  File "C:\Python\Python311\Lib\site-packages\pandas\io\common.py", line 472, in _get_filepath_or_buffer
    raise ValueError(msg)
ValueError: Invalid file path or buffer object type: <class 'list'>
2025-04-04 16:49:51,204 - INFO - XLSX file selected: D:/Download/Samples/inputXLSX/usccfr_extraction.xlsx
2025-04-04 16:49:51,709 - ERROR - Error loading XLSX file ['D:/Download/Samples/inputXLSX/usccfr_extraction.xlsx']: Invalid file path or buffer object type: <class 'list'>
Traceback (most recent call last):
  File "d:\Repos\Changer\amorad\main.py", line 177, in load_reference_data
    df = pd.read_excel(xlsx_file)
         ^^^^^^^^^^^^^^^^^^^^^^^^
  File "C:\Python\Python311\Lib\site-packages\pandas\io\excel\_base.py", line 495, in read_excel
    io = ExcelFile(
         ^^^^^^^^^^
  File "C:\Python\Python311\Lib\site-packages\pandas\io\excel\_base.py", line 1550, in __init__
    ext = inspect_excel_format(
          ^^^^^^^^^^^^^^^^^^^^^
  File "C:\Python\Python311\Lib\site-packages\pandas\io\excel\_base.py", line 1402, in inspect_excel_format
    with get_handle(
         ^^^^^^^^^^^
  File "C:\Python\Python311\Lib\site-packages\pandas\io\common.py", line 728, in get_handle
    ioargs = _get_filepath_or_buffer(
             ^^^^^^^^^^^^^^^^^^^^^^^^
  File "C:\Python\Python311\Lib\site-packages\pandas\io\common.py", line 472, in _get_filepath_or_buffer
    raise ValueError(msg)
ValueError: Invalid file path or buffer object type: <class 'list'>
